0 info it worked if it ends with ok
1 verbose cli [ '/usr/bin/nodejs',
1 verbose cli   '/usr/bin/npm',
1 verbose cli   'install',
1 verbose cli   '-g',
1 verbose cli   'static-node' ]
2 info using npm@3.8.3
3 info using node@v5.10.1
4 silly loadCurrentTree Starting
5 silly install loadCurrentTree
6 silly install readGlobalPackageData
7 silly fetchPackageMetaData static-node
8 silly fetchNamedPackageData static-node
9 silly mapToRegistry name static-node
10 silly mapToRegistry using default registry
11 silly mapToRegistry registry https://registry.npmjs.org/
12 silly mapToRegistry data Result {
12 silly mapToRegistry   raw: 'static-node',
12 silly mapToRegistry   scope: null,
12 silly mapToRegistry   name: 'static-node',
12 silly mapToRegistry   rawSpec: '',
12 silly mapToRegistry   spec: 'latest',
12 silly mapToRegistry   type: 'tag' }
13 silly mapToRegistry uri https://registry.npmjs.org/static-node
14 verbose request uri https://registry.npmjs.org/static-node
15 verbose request no auth needed
16 info attempt registry request try #1 at 11:18:01 AM
17 verbose request id 96566d1e7e528c4b
18 http request GET https://registry.npmjs.org/static-node
19 info retry will retry, error on last attempt: Error: getaddrinfo EAI_AGAIN registry.npmjs.org:443
20 info attempt registry request try #2 at 11:18:31 AM
21 http request GET https://registry.npmjs.org/static-node
22 info retry will retry, error on last attempt: Error: getaddrinfo EAI_AGAIN registry.npmjs.org:443
23 info attempt registry request try #3 at 11:19:51 AM
24 http request GET https://registry.npmjs.org/static-node
25 http 404 https://registry.npmjs.org/static-node
26 verbose headers { 'content-type': 'application/json',
26 verbose headers   'cache-control': 'max-age=0',
26 verbose headers   'content-length': '2',
26 verbose headers   'accept-ranges': 'bytes',
26 verbose headers   date: 'Fri, 08 Apr 2016 04:19:53 GMT',
26 verbose headers   via: '1.1 varnish',
26 verbose headers   age: '0',
26 verbose headers   connection: 'keep-alive',
26 verbose headers   'x-served-by': 'cache-ams4138-AMS',
26 verbose headers   'x-cache': 'MISS',
26 verbose headers   'x-cache-hits': '0',
26 verbose headers   'x-timer': 'S1460089193.094143,VS0,VE685',
26 verbose headers   vary: 'Accept-Encoding' }
27 silly get cb [ 404,
27 silly get   { 'content-type': 'application/json',
27 silly get     'cache-control': 'max-age=0',
27 silly get     'content-length': '2',
27 silly get     'accept-ranges': 'bytes',
27 silly get     date: 'Fri, 08 Apr 2016 04:19:53 GMT',
27 silly get     via: '1.1 varnish',
27 silly get     age: '0',
27 silly get     connection: 'keep-alive',
27 silly get     'x-served-by': 'cache-ams4138-AMS',
27 silly get     'x-cache': 'MISS',
27 silly get     'x-cache-hits': '0',
27 silly get     'x-timer': 'S1460089193.094143,VS0,VE685',
27 silly get     vary: 'Accept-Encoding' } ]
28 silly fetchPackageMetaData Error: Registry returned 404 for GET on https://registry.npmjs.org/static-node
28 silly fetchPackageMetaData     at makeError (/usr/lib/node_modules/npm/node_modules/npm-registry-client/lib/request.js:264:12)
28 silly fetchPackageMetaData     at CachingRegistryClient.<anonymous> (/usr/lib/node_modules/npm/node_modules/npm-registry-client/lib/request.js:242:14)
28 silly fetchPackageMetaData     at Request._callback (/usr/lib/node_modules/npm/node_modules/npm-registry-client/lib/request.js:172:14)
28 silly fetchPackageMetaData     at Request.self.callback (/usr/lib/node_modules/npm/node_modules/request/request.js:199:22)
28 silly fetchPackageMetaData     at emitTwo (events.js:100:13)
28 silly fetchPackageMetaData     at Request.emit (events.js:185:7)
28 silly fetchPackageMetaData     at Request.<anonymous> (/usr/lib/node_modules/npm/node_modules/request/request.js:1036:10)
28 silly fetchPackageMetaData     at emitOne (events.js:95:20)
28 silly fetchPackageMetaData     at Request.emit (events.js:182:7)
28 silly fetchPackageMetaData     at IncomingMessage.<anonymous> (/usr/lib/node_modules/npm/node_modules/request/request.js:963:12)
28 silly fetchPackageMetaData  error for static-node { [Error: Registry returned 404 for GET on https://registry.npmjs.org/static-node] pkgid: 'static-node', statusCode: 404, code: 'E404' }
29 silly rollbackFailedOptional Starting
30 silly rollbackFailedOptional Finishing
31 silly runTopLevelLifecycles Starting
32 silly runTopLevelLifecycles Finishing
33 silly install printInstalled
34 verbose stack Error: Registry returned 404 for GET on https://registry.npmjs.org/static-node
34 verbose stack     at makeError (/usr/lib/node_modules/npm/node_modules/npm-registry-client/lib/request.js:264:12)
34 verbose stack     at CachingRegistryClient.<anonymous> (/usr/lib/node_modules/npm/node_modules/npm-registry-client/lib/request.js:242:14)
34 verbose stack     at Request._callback (/usr/lib/node_modules/npm/node_modules/npm-registry-client/lib/request.js:172:14)
34 verbose stack     at Request.self.callback (/usr/lib/node_modules/npm/node_modules/request/request.js:199:22)
34 verbose stack     at emitTwo (events.js:100:13)
34 verbose stack     at Request.emit (events.js:185:7)
34 verbose stack     at Request.<anonymous> (/usr/lib/node_modules/npm/node_modules/request/request.js:1036:10)
34 verbose stack     at emitOne (events.js:95:20)
34 verbose stack     at Request.emit (events.js:182:7)
34 verbose stack     at IncomingMessage.<anonymous> (/usr/lib/node_modules/npm/node_modules/request/request.js:963:12)
35 verbose statusCode 404
36 verbose pkgid static-node
37 verbose cwd /home/thecodercat/project/vuejs
38 error Linux 4.2.0-35-generic
39 error argv "/usr/bin/nodejs" "/usr/bin/npm" "install" "-g" "static-node"
40 error node v5.10.1
41 error npm  v3.8.3
42 error code E404
43 error 404 Registry returned 404 for GET on https://registry.npmjs.org/static-node
44 error 404
45 error 404 'static-node' is not in the npm registry.
46 error 404 You should bug the author to publish it (or use the name yourself!)
47 error 404 Note that you can also install from a
48 error 404 tarball, folder, http url, or git url.
49 verbose exit [ 1, true ]
